<?xml version="1.0" encoding="UTF-8"?>
<testsuite xmlns:xsi="http://www.w3.org/2001/XMLSchema-instance" xsi:noNamespaceSchemaLocation="https://maven.apache.org/surefire/maven-surefire-plugin/xsd/surefire-test-report.xsd" version="3.0.2" name="com.td.controller.ToDoApplicationBootApplicationTests" time="13.443" tests="1" errors="0" skipped="0" failures="0">
  <properties>
[...]
</properties>
  <testcase name="contextLoads" classname="com.td.controller.ToDoApplicationBootApplicationTests" time="1.166">
    <system-out><![CDATA[18:54:46.013 [main] INFO org.springframework.test.context.support.AnnotationConfigContextLoaderUtils -- Could not detect default configuration classes for test class [com.td.controller.ToDoApplicationBootApplicationTests]: ToDoApplicationBootApplicationTests does not declare any static, non-private, non-final, nested classes annotated with @Configuration.
18:54:46.311 [main] INFO org.springframework.boot.test.context.SpringBootTestContextBootstrapper -- Found @SpringBootConfiguration com.td.ToDoApplicationBootApplication for test class com.td.controller.ToDoApplicationBootApplicationTests

  .   ____          _            __ _ _
 /\\ / ___'_ __ _ _(_)_ __  __ _ \ \ \ \
( ( )\___ | '_ | '_| | '_ \/ _` | \ \ \ \
 \\/  ___)| |_)| | | | | || (_| |  ) ) ) )
  '  |____| .__|_| |_|_| |_\__, | / / / /
 =========|_|==============|___/=/_/_/_/

 :: Spring Boot ::                (v3.4.5)

2025-05-09T18:54:47.485+05:30  INFO 4672 --- [ToDoApplicationBoot] [           main] .t.c.ToDoApplicationBootApplicationTests : Starting ToDoApplicationBootApplicationTests using Java 17.0.5 with PID 4672 (started by hp in D:\Workspace_E2022\ToDoApplicationBoot)
2025-05-09T18:54:47.488+05:30  INFO 4672 --- [ToDoApplicationBoot] [           main] .t.c.ToDoApplicationBootApplicationTests : No active profile set, falling back to 1 default profile: "default"
2025-05-09T18:54:49.331+05:30  INFO 4672 --- [ToDoApplicationBoot] [           main] .s.d.r.c.RepositoryConfigurationDelegate : Bootstrapping Spring Data JPA repositories in DEFAULT mode.
2025-05-09T18:54:49.498+05:30  INFO 4672 --- [ToDoApplicationBoot] [           main] .s.d.r.c.RepositoryConfigurationDelegate : Finished Spring Data repository scanning in 131 ms. Found 2 JPA repository interfaces.
2025-05-09T18:54:50.469+05:30  INFO 4672 --- [ToDoApplicationBoot] [           main] o.hibernate.jpa.internal.util.LogHelper  : HHH000204: Processing PersistenceUnitInfo [name: default]
2025-05-09T18:54:50.618+05:30  INFO 4672 --- [ToDoApplicationBoot] [           main] org.hibernate.Version                    : HHH000412: Hibernate ORM core version 6.6.13.Final
2025-05-09T18:54:50.721+05:30  INFO 4672 --- [ToDoApplicationBoot] [           main] o.h.c.internal.RegionFactoryInitiator    : HHH000026: Second-level cache disabled
2025-05-09T18:54:51.539+05:30  INFO 4672 --- [ToDoApplicationBoot] [           main] o.s.o.j.p.SpringPersistenceUnitInfo      : No LoadTimeWeaver setup: ignoring JPA class transformer
2025-05-09T18:54:51.607+05:30  INFO 4672 --- [ToDoApplicationBoot] [           main] com.zaxxer.hikari.HikariDataSource       : HikariPool-1 - Starting...
2025-05-09T18:54:52.460+05:30  INFO 4672 --- [ToDoApplicationBoot] [           main] com.zaxxer.hikari.pool.HikariPool        : HikariPool-1 - Added connection com.mysql.cj.jdbc.ConnectionImpl@28bd5015
2025-05-09T18:54:52.466+05:30  INFO 4672 --- [ToDoApplicationBoot] [           main] com.zaxxer.hikari.HikariDataSource       : HikariPool-1 - Start completed.
2025-05-09T18:54:52.566+05:30  WARN 4672 --- [ToDoApplicationBoot] [           main] org.hibernate.orm.deprecation            : HHH90000025: MySQL8Dialect does not need to be specified explicitly using 'hibernate.dialect' (remove the property setting and it will be selected by default)
2025-05-09T18:54:52.568+05:30  WARN 4672 --- [ToDoApplicationBoot] [           main] org.hibernate.orm.deprecation            : HHH90000026: MySQL8Dialect has been deprecated; use org.hibernate.dialect.MySQLDialect instead
2025-05-09T18:54:52.642+05:30  INFO 4672 --- [ToDoApplicationBoot] [           main] org.hibernate.orm.connections.pooling    : HHH10001005: Database info:
	Database JDBC URL [Connecting through datasource 'HikariDataSource (HikariPool-1)']
	Database driver: undefined/unknown
	Database version: 8.0
	Autocommit mode: undefined/unknown
	Isolation level: undefined/unknown
	Minimum pool size: undefined/unknown
	Maximum pool size: undefined/unknown
2025-05-09T18:54:54.462+05:30  INFO 4672 --- [ToDoApplicationBoot] [           main] o.h.e.t.j.p.i.JtaPlatformInitiator       : HHH000489: No JTA platform available (set 'hibernate.transaction.jta.platform' to enable JTA platform integration)
Hibernate: alter table task modify column status int default 0
2025-05-09T18:54:54.562+05:30  INFO 4672 --- [ToDoApplicationBoot] [           main] j.LocalContainerEntityManagerFactoryBean : Initialized JPA EntityManagerFactory for persistence unit 'default'
2025-05-09T18:54:55.277+05:30  INFO 4672 --- [ToDoApplicationBoot] [           main] o.s.d.j.r.query.QueryEnhancerFactory     : Hibernate is in classpath; If applicable, HQL parser will be used.
2025-05-09T18:54:57.084+05:30  WARN 4672 --- [ToDoApplicationBoot] [           main] JpaBaseConfiguration$JpaWebConfiguration : spring.jpa.open-in-view is enabled by default. Therefore, database queries may be performed during view rendering. Explicitly configure spring.jpa.open-in-view to disable this warning
2025-05-09T18:54:57.148+05:30  INFO 4672 --- [ToDoApplicationBoot] [           main] o.s.b.a.w.s.WelcomePageHandlerMapping    : Adding welcome page template: index
2025-05-09T18:54:57.876+05:30  INFO 4672 --- [ToDoApplicationBoot] [           main] .t.c.ToDoApplicationBootApplicationTests : Started ToDoApplicationBootApplicationTests in 11.079 seconds (process running for 13.733)
]]></system-out>
  </testcase>
</testsuite>